0 info it worked if it ends with ok
1 verbose cli [ '/usr/bin/node', '/usr/bin/npm', 'test' ]
2 info using npm@3.5.2
3 info using node@v8.10.0
4 verbose run-script [ 'pretest', 'test', 'posttest' ]
5 info lifecycle nodekurs@1.0.0~pretest: nodekurs@1.0.0
6 silly lifecycle nodekurs@1.0.0~pretest: no script for pretest, continuing
7 info lifecycle nodekurs@1.0.0~test: nodekurs@1.0.0
8 verbose lifecycle nodekurs@1.0.0~test: unsafe-perm in lifecycle true
9 verbose lifecycle nodekurs@1.0.0~test: PATH: /usr/share/npm/bin/node-gyp-bin:/home/jstolorz/WebstormProjects/NodeKurs/node_modules/.bin:/home/jstolorz/WebstormProjects/NodeKurs/node_modules/.bin:/usr/share/npm/bin/node-gyp-bin:/home/jstolorz/WebstormProjects/NodeKurs/node_modules/.bin:/home/jstolorz/bin:/home/jstolorz/bin:/usr/local/sbin:/usr/local/bin:/usr/sbin:/usr/bin:/sbin:/bin:/usr/games:/usr/local/games:/snap/bin:/usr/lib/jvm/java-8-oracle/bin:/usr/lib/jvm/java-8-oracle/db/bin:/usr/lib/jvm/java-8-oracle/jre/bin:/usr/lib/jvm/java-8-oracle/bin:/usr/lib/jvm/java-8-oracle/db/bin:/usr/lib/jvm/java-8-oracle/jre/bin
10 verbose lifecycle nodekurs@1.0.0~test: CWD: /home/jstolorz/WebstormProjects/NodeKurs
11 silly lifecycle nodekurs@1.0.0~test: Args: [ '-c', 'mocha **/*.test.js' ]
12 silly lifecycle nodekurs@1.0.0~test: Returned: code: 1  signal: null
13 info lifecycle nodekurs@1.0.0~test: Failed to exec test script
14 error Test failed.  See above for more details.
15 verbose exit [ 1, true ]
16 verbose stack Error: EIO: i/o error, write
16 verbose stack     at Object.fs.writeSync (fs.js:735:20)
16 verbose stack     at SyncWriteStream._write (internal/fs.js:74:6)
16 verbose stack     at doWrite (_stream_writable.js:397:12)
16 verbose stack     at writeOrBuffer (_stream_writable.js:383:5)
16 verbose stack     at SyncWriteStream.Writable.write (_stream_writable.js:290:11)
16 verbose stack     at SyncWriteStream.stream.write (/usr/share/npm/node_modules/npmlog/node_modules/ansi/lib/newlines.js:36:21)
16 verbose stack     at Cursor.write (/usr/share/npm/node_modules/npmlog/node_modules/ansi/lib/ansi.js:157:23)
16 verbose stack     at EventEmitter.log.write (/usr/share/npm/node_modules/npmlog/log.js:217:15)
16 verbose stack     at EventEmitter.<anonymous> (/usr/share/npm/node_modules/npmlog/log.js:188:12)
16 verbose stack     at Array.forEach (<anonymous>)
17 verbose cwd /home/jstolorz/WebstormProjects/NodeKurs
18 error Linux 4.15.0-23-generic
19 error argv "/usr/bin/node" "/usr/bin/npm" "test"
20 error node v8.10.0
21 error npm  v3.5.2
22 error code EIO
23 error errno -5
24 error syscall write
25 error EIO: i/o error, write
26 error If you need help, you may report this error at:
26 error     <https://github.com/npm/npm/issues>
27 verbose exit [ -5, true ]
